<?xml version="1.0" encoding="UTF-8"?>
<!-- Generated by org.testng.reporters.JUnitReportReporter -->
<testsuite skipped="0" hostname="CGSCLRD49429261" name="com.testautomation.JG_LoginTest" tests="1" failures="0" timestamp="06 Jan 2020 11:23:05 GMT" time="16.721" errors="0">
  <testcase name="launchURI" time="16.721" classname="com.testautomation.JG_LoginTest"/>
</testsuite> <!-- com.testautomation.JG_LoginTest -->
