<?xml version="1.0" encoding="UTF-8"?>
<!-- Generated by org.testng.reporters.JUnitReportReporter -->
<testsuite skipped="0" hostname="CGSCLRD49429261" name="com.testautomation.WMTest" tests="1" failures="0" timestamp="03 Jan 2020 10:45:41 GMT" time="4.659" errors="0">
  <testcase name="launchMock" time="4.659" classname="com.testautomation.WMTest"/>
</testsuite> <!-- com.testautomation.WMTest -->
